Unity Editor version:    2022.3.7f1 (b16b3b16c7a0)
Branch:                  2022.3/staging
Build type:              Release
Batch mode:              YES
macOS version:           Version 12.1 (Build 21C52)
Darwin version:          21.2.0
Architecture:            arm64
Running under Rosetta:   NO
Available memory:        8192 MB
Using pre-set license
Pro License: YES

COMMAND LINE ARGUMENTS:
/Applications/Unity/Hub/Editor/2022.3.7f1/Unity.app/Contents/MacOS/Unity
-adb2
-batchMode
-noUpm
-name
AssetImportWorker0
-projectPath
/Users/junwenjiang/Documents/GitHub/Junwen/Scene Building Project-Junwen
-logFile
Logs/AssetImportWorker0.log
-srvPort
52183
Successfully changed project path to: /Users/junwenjiang/Documents/GitHub/Junwen/Scene Building Project-Junwen
/Users/junwenjiang/Documents/GitHub/Junwen/Scene Building Project-Junwen
[UnityMemory] Configuration Parameters - Can be set up in boot.config
    "memorysetup-bucket-allocator-granularity=16"
    "memorysetup-bucket-allocator-bucket-count=8"
    "memorysetup-bucket-allocator-block-size=33554432"
    "memorysetup-bucket-allocator-block-count=8"
    "memorysetup-main-allocator-block-size=16777216"
    "memorysetup-thread-allocator-block-size=16777216"
    "memorysetup-gfx-main-allocator-block-size=16777216"
    "memorysetup-gfx-thread-allocator-block-size=16777216"
    "memorysetup-cache-allocator-block-size=4194304"
    "memorysetup-typetree-allocator-block-size=2097152"
    "memorysetup-profiler-bucket-allocator-granularity=16"
    "memorysetup-profiler-bucket-allocator-bucket-count=8"
    "memorysetup-profiler-bucket-allocator-block-size=33554432"
    "memorysetup-profiler-bucket-allocator-block-count=8"
    "memorysetup-profiler-allocator-block-size=16777216"
    "memorysetup-profiler-editor-allocator-block-size=1048576"
    "memorysetup-temp-allocator-size-main=16777216"
    "memorysetup-job-temp-allocator-block-size=2097152"
    "memorysetup-job-temp-allocator-block-size-background=1048576"
    "memorysetup-job-temp-allocator-reduction-small-platforms=262144"
    "memorysetup-allocator-temp-initial-block-size-main=262144"
    "memorysetup-allocator-temp-initial-block-size-worker=262144"
    "memorysetup-temp-allocator-size-background-worker=32768"
    "memorysetup-temp-allocator-size-job-worker=262144"
    "memorysetup-temp-allocator-size-preload-manager=33554432"
    "memorysetup-temp-allocator-size-nav-mesh-worker=65536"
    "memorysetup-temp-allocator-size-audio-worker=65536"
    "memorysetup-temp-allocator-size-cloud-worker=32768"
    "memorysetup-temp-allocator-size-gi-baking-worker=262144"
    "memorysetup-temp-allocator-size-gfx=262144"
Player connection [4470834560] Host "[IP] 10.140.11.170 [Port] 0 [Flags] 2 [Guid] 3714427939 [EditorId] 3714427939 [Version] 1048832 [Id] OSXEditor(0,Mojok-deMacBook-Pro.local) [Debug] 1 [PackageName] OSXEditor [ProjectName] Editor" joined multi-casting on [225.0.0.222:54997]...

Player connection [4470834560] Host "[IP] 10.140.11.170 [Port] 0 [Flags] 2 [Guid] 3714427939 [EditorId] 3714427939 [Version] 1048832 [Id] OSXEditor(0,Mojok-deMacBook-Pro.local) [Debug] 1 [PackageName] OSXEditor [ProjectName] Editor" joined alternative multi-casting on [225.0.0.222:34997]...

Refreshing native plugins compatible for Editor in 6.52 ms, found 2 plugins.
Preloading 0 native plugins for Editor in 0.00 ms.
Initialize engine version: 2022.3.7f1 (b16b3b16c7a0)
[Subsystems] Discovering subsystems at path /Applications/Unity/Hub/Editor/2022.3.7f1/Unity.app/Contents/Resources/UnitySubsystems
[Subsystems] Discovering subsystems at path /Users/junwenjiang/Documents/GitHub/Junwen/Scene Building Project-Junwen/Assets
GfxDevice: creating device client; threaded=0; jobified=0
 preferred device: Apple M1 (high power)
Metal devices available: 1
0: Apple M1 (high power)
Using device Apple M1 (high power)
Initializing Metal device caps: Apple M1
Initialize mono
Mono path[0] = '/Applications/Unity/Hub/Editor/2022.3.7f1/Unity.app/Contents/Managed'
Mono path[1] = '/Applications/Unity/Hub/Editor/2022.3.7f1/Unity.app/Contents/MonoBleedingEdge/lib/mono/unityjit-macos'
Mono config path = '/Applications/Unity/Hub/Editor/2022.3.7f1/Unity.app/Contents/MonoBleedingEdge/etc'
Using monoOptions --debugger-agent=transport=dt_socket,embedding=1,server=y,suspend=n,address=127.0.0.1:56608
Begin MonoManager ReloadAssembly
Registering precompiled unity dll's ...
Register platform support module: /Applications/Unity/Hub/Editor/2022.3.7f1/PlaybackEngines/WebGLSupport/UnityEditor.WebGL.Extensions.dll
Register platform support module: /Applications/Unity/Hub/Editor/2022.3.7f1/Unity.app/Contents/PlaybackEngines/MacStandaloneSupport/UnityEditor.OSXStandalone.Extensions.dll
Registered in 0.005442 seconds.
- Loaded All Assemblies, in  0.429 seconds
Native extension for OSXStandalone target not found
Native extension for WebGL target not found
Mono: successfully reloaded assembly
- Finished resetting the current domain, in  0.303 seconds
Domain Reload Profiling: 732ms
	BeginReloadAssembly (120ms)
		ExecutionOrderSort (0ms)
		DisableScriptedObjects (0ms)
		BackupInstance (0ms)
		ReleaseScriptingObjects (0ms)
		CreateAndSetChildDomain (1ms)
	RebuildCommonClasses (48ms)
	RebuildNativeTypeToScriptingClass (14ms)
	initialDomainReloadingComplete (60ms)
	LoadAllAssembliesAndSetupDomain (188ms)
		LoadAssemblies (120ms)
		RebuildTransferFunctionScriptingTraits (0ms)
		AnalyzeDomain (185ms)
			TypeCache.Refresh (183ms)
				TypeCache.ScanAssembly (167ms)
			ScanForSourceGeneratedMonoScriptInfo (0ms)
			ResolveRequiredComponents (1ms)
	FinalizeReload (303ms)
		ReleaseScriptCaches (0ms)
		RebuildScriptCaches (0ms)
		SetupLoadedEditorAssemblies (228ms)
			LogAssemblyErrors (0ms)
			InitializePlatformSupportModulesInManaged (10ms)
			SetLoadedEditorAssemblies (7ms)
			RefreshPlugins (0ms)
			BeforeProcessingInitializeOnLoad (3ms)
			ProcessInitializeOnLoadAttributes (152ms)
			ProcessInitializeOnLoadMethodAttributes (57ms)
			AfterProcessingInitializeOnLoad (0ms)
			EditorAssembliesLoaded (0ms)
		ExecutionOrderSort2 (0ms)
		AwakeInstancesAfterBackupRestoration (0ms)
========================================================================
Worker process is ready to serve import requests
Begin MonoManager ReloadAssembly
- Loaded All Assemblies, in  0.515 seconds
Refreshing native plugins compatible for Editor in 0.70 ms, found 2 plugins.
Native extension for OSXStandalone target not found
Native extension for WebGL target not found
Mono: successfully reloaded assembly
- Finished resetting the current domain, in  0.626 seconds
Domain Reload Profiling: 1141ms
	BeginReloadAssembly (125ms)
		ExecutionOrderSort (0ms)
		DisableScriptedObjects (5ms)
		BackupInstance (0ms)
		ReleaseScriptingObjects (0ms)
		CreateAndSetChildDomain (31ms)
	RebuildCommonClasses (42ms)
	RebuildNativeTypeToScriptingClass (14ms)
	initialDomainReloadingComplete (37ms)
	LoadAllAssembliesAndSetupDomain (298ms)
		LoadAssemblies (245ms)
		RebuildTransferFunctionScriptingTraits (0ms)
		AnalyzeDomain (104ms)
			TypeCache.Refresh (95ms)
				TypeCache.ScanAssembly (75ms)
			ScanForSourceGeneratedMonoScriptInfo (6ms)
			ResolveRequiredComponents (3ms)
	FinalizeReload (626ms)
		ReleaseScriptCaches (0ms)
		RebuildScriptCaches (0ms)
		SetupLoadedEditorAssemblies (459ms)
			LogAssemblyErrors (0ms)
			InitializePlatformSupportModulesInManaged (6ms)
			SetLoadedEditorAssemblies (4ms)
			RefreshPlugins (0ms)
			BeforeProcessingInitializeOnLoad (55ms)
			ProcessInitializeOnLoadAttributes (369ms)
			ProcessInitializeOnLoadMethodAttributes (22ms)
			AfterProcessingInitializeOnLoad (2ms)
			EditorAssembliesLoaded (0ms)
		ExecutionOrderSort2 (0ms)
		AwakeInstancesAfterBackupRestoration (4ms)
Launching external process: /Applications/Unity/Hub/Editor/2022.3.7f1/Unity.app/Contents/Tools/UnityShaderCompiler
Launched and connected shader compiler UnityShaderCompiler after 0.38 seconds
Refreshing native plugins compatible for Editor in 0.54 ms, found 2 plugins.
Preloading 0 native plugins for Editor in 0.00 ms.
Unloading 1390 Unused Serialized files (Serialized files now loaded: 0)
Unloading 21 unused Assets / (51.5 KB). Loaded Objects now: 1862.
Memory consumption went from 160.3 MB to 160.3 MB.
Total: 3.322375 ms (FindLiveObjects: 0.086084 ms CreateObjectMapping: 0.029083 ms MarkObjects: 3.101375 ms  DeleteObjects: 0.105042 ms)

AssetImportParameters requested are different than current active one (requested -> active):
  custom:video-encoder-webm-vp8: eb34c28f22e8b96e1ab97ce403110664 -> 
  custom:video-decoder-webm-vp8: 9c59270c3fd7afecdb556c50c9e8de78 -> 
  custom:audio-decoder-ogg-vorbis: bf7c407c2cedff20999df2af8eb42d56 -> 
  custom:SearchIndexIgnoredProperties: e643bd26f0fe6173181afceb89e7c659 -> 
  custom:container-demuxer-ogg: 62fdf1f143b41e24485cea50d1cbac27 -> 
  custom:AudioImporter_EditorPlatform: 3918e3fc78b5a79bad01e8451be0beb8 -> 
  custom:CustomObjectIndexerAttribute: 756ad292c208cfabdd7b50bc23989ffe -> 
  custom:container-demuxer-webm: 4f35f7cbe854078d1ac9338744f61a02 -> 
  custom:video-decoder-ogg-theora: a1e56fd34408186e4bbccfd4996cb3dc -> 
  custom:audio-encoder-webm-vorbis: bf7c407c2cedff20999df2af8eb42d56 -> 
  custom:framework-osx-AVFoundation: e770b220cccbd017edd2c1fefb359320 -> 
  custom:container-muxer-webm: aa71ff27fc2769a1b78a27578f13a17b -> 
========================================================================
Received Import Request.
  Time since last request: 48168.768855 seconds.
  path: Assets/Materials/atlass_1_2.mat
  artifactKey: Guid(8e6f7b24df38b1c4db797b100135d36e) Importer(815301076,1909f56bfc062723c751e8b465ee728b)
Start importing Assets/Materials/atlass_1_2.mat using Guid(8e6f7b24df38b1c4db797b100135d36e) Importer(815301076,1909f56bfc062723c751e8b465ee728b)  -> (artifact id: '1c18591f60987f67dbcce9a3f8691763') in 0.617596 seconds
Number of updated asset objects reloaded before import = 0
Number of asset objects unloaded after import = 2
========================================================================
Received Import Request.
  Time since last request: 0.000078 seconds.
  path: Assets/Prefabs/Debris/Debris3/debris_3.prefab
  artifactKey: Guid(c185db8f8ca24c84d8c14fac8fcc9ac2) Importer(815301076,1909f56bfc062723c751e8b465ee728b)
Start importing Assets/Prefabs/Debris/Debris3/debris_3.prefab using Guid(c185db8f8ca24c84d8c14fac8fcc9ac2) Importer(815301076,1909f56bfc062723c751e8b465ee728b)  -> (artifact id: 'd9e185c6b50d05c5a7051f7e8df12af6') in 0.401324 seconds
Number of updated asset objects reloaded before import = 0
Number of asset objects unloaded after import = 9
========================================================================
Received Import Request.
  Time since last request: 0.000065 seconds.
  path: Assets/Prefabs/Debris/Debris4/debris_4.prefab
  artifactKey: Guid(f02ebb96638dd13428efbf6875a91bcd) Importer(815301076,1909f56bfc062723c751e8b465ee728b)
Start importing Assets/Prefabs/Debris/Debris4/debris_4.prefab using Guid(f02ebb96638dd13428efbf6875a91bcd) Importer(815301076,1909f56bfc062723c751e8b465ee728b)  -> (artifact id: 'c2143d17876b67e6f5c3ae3237812144') in 0.013737 seconds
Number of updated asset objects reloaded before import = 0
Number of asset objects unloaded after import = 9
========================================================================
Received Import Request.
  Time since last request: 0.000089 seconds.
  path: Assets/Prefabs/Bushes/Bush8/bush_8.prefab
  artifactKey: Guid(9b49303c34b100f4f85015f960f99575) Importer(815301076,1909f56bfc062723c751e8b465ee728b)
Start importing Assets/Prefabs/Bushes/Bush8/bush_8.prefab using Guid(9b49303c34b100f4f85015f960f99575) Importer(815301076,1909f56bfc062723c751e8b465ee728b)  -> (artifact id: 'bbb365f737a1207273bfacc7c9b87027') in 0.006500 seconds
Number of updated asset objects reloaded before import = 0
Number of asset objects unloaded after import = 9
========================================================================
Received Import Request.
  Time since last request: 0.000063 seconds.
  path: Assets/Prefabs/Cliffs/Cliff1/cliff_1.prefab
  artifactKey: Guid(578ec68902cb8ec49ba61bb7ad1af10a) Importer(815301076,1909f56bfc062723c751e8b465ee728b)
Start importing Assets/Prefabs/Cliffs/Cliff1/cliff_1.prefab using Guid(578ec68902cb8ec49ba61bb7ad1af10a) Importer(815301076,1909f56bfc062723c751e8b465ee728b)  -> (artifact id: '0a924df028480b3d3d939b944cf7ea5c') in 0.012957 seconds
Number of updated asset objects reloaded before import = 0
Number of asset objects unloaded after import = 9
========================================================================
Received Import Request.
  Time since last request: 0.000220 seconds.
  path: Assets/Prefabs/Cliffs/Cliff3/cliff_3.prefab
  artifactKey: Guid(a2071e3181f1c5f47b7acdff96e50f3a) Importer(815301076,1909f56bfc062723c751e8b465ee728b)
Start importing Assets/Prefabs/Cliffs/Cliff3/cliff_3.prefab using Guid(a2071e3181f1c5f47b7acdff96e50f3a) Importer(815301076,1909f56bfc062723c751e8b465ee728b)  -> (artifact id: 'c9235887ac83e5d5f48c0dd2d0881678') in 0.006881 seconds
Number of updated asset objects reloaded before import = 0
Number of asset objects unloaded after import = 9
========================================================================
Received Import Request.
  Time since last request: 0.000081 seconds.
  path: Assets/Prefabs/Clouds/Cloud1/cloud_1.prefab
  artifactKey: Guid(89183a5c31b1c1b4f89c7e21d8ca741c) Importer(815301076,1909f56bfc062723c751e8b465ee728b)
Start importing Assets/Prefabs/Clouds/Cloud1/cloud_1.prefab using Guid(89183a5c31b1c1b4f89c7e21d8ca741c) Importer(815301076,1909f56bfc062723c751e8b465ee728b)  -> (artifact id: 'e6d88b51aacd9a84992c97edfc7e7b14') in 0.007147 seconds
Number of updated asset objects reloaded before import = 0
Number of asset objects unloaded after import = 9
========================================================================
Received Import Request.
  Time since last request: 0.000053 seconds.
  path: Assets/Prefabs/Cliffs/Cliff9/cliff_9.prefab
  artifactKey: Guid(ba426b22dba6c974f908bed162f89279) Importer(815301076,1909f56bfc062723c751e8b465ee728b)
Start importing Assets/Prefabs/Cliffs/Cliff9/cliff_9.prefab using Guid(ba426b22dba6c974f908bed162f89279) Importer(815301076,1909f56bfc062723c751e8b465ee728b)  -> (artifact id: '52f97194ca08a318b4af567b13d22446') in 0.007491 seconds
Number of updated asset objects reloaded before import = 0
Number of asset objects unloaded after import = 9
========================================================================
Received Import Request.
  Time since last request: 0.000152 seconds.
  path: Assets/Prefabs/Debris/Debris1/debris_1.prefab
  artifactKey: Guid(5d788daea732b364bb3bc1330d4e792f) Importer(815301076,1909f56bfc062723c751e8b465ee728b)
Start importing Assets/Prefabs/Debris/Debris1/debris_1.prefab using Guid(5d788daea732b364bb3bc1330d4e792f) Importer(815301076,1909f56bfc062723c751e8b465ee728b)  -> (artifact id: '28deb66df38631c4a7cfb122107880e2') in 0.005908 seconds
Number of updated asset objects reloaded before import = 0
Number of asset objects unloaded after import = 9
========================================================================
Received Import Request.
  Time since last request: 0.000074 seconds.
  path: Assets/Prefabs/Bushes/Bush6/bush_6.prefab
  artifactKey: Guid(c5a6c38dcf5f15d42bfa04a454f06484) Importer(815301076,1909f56bfc062723c751e8b465ee728b)
Start importing Assets/Prefabs/Bushes/Bush6/bush_6.prefab using Guid(c5a6c38dcf5f15d42bfa04a454f06484) Importer(815301076,1909f56bfc062723c751e8b465ee728b)  -> (artifact id: '66e22b50c70f6c400c4d7b48d544ff06') in 0.022639 seconds
Number of updated asset objects reloaded before import = 0
Number of asset objects unloaded after import = 9
========================================================================
Received Import Request.
  Time since last request: 0.000211 seconds.
  path: Assets/Prefabs/Flowers/Flower4/flower_4.prefab
  artifactKey: Guid(51276cc88102cf44781a6249ac17e3b7) Importer(815301076,1909f56bfc062723c751e8b465ee728b)
Start importing Assets/Prefabs/Flowers/Flower4/flower_4.prefab using Guid(51276cc88102cf44781a6249ac17e3b7) Importer(815301076,1909f56bfc062723c751e8b465ee728b)  -> (artifact id: '01bb7efbc83338b5583221ed96a17c5d') in 0.006435 seconds
Number of updated asset objects reloaded before import = 0
Number of asset objects unloaded after import = 9
========================================================================
Received Import Request.
  Time since last request: 0.000178 seconds.
  path: Assets/Prefabs/Bushes/Bush5/bush_5.prefab
  artifactKey: Guid(82c2d4b37a975874c91db31283fcf631) Importer(815301076,1909f56bfc062723c751e8b465ee728b)
Start importing Assets/Prefabs/Bushes/Bush5/bush_5.prefab using Guid(82c2d4b37a975874c91db31283fcf631) Importer(815301076,1909f56bfc062723c751e8b465ee728b)  -> (artifact id: '61864e7b8bb98172b111b18449f95ecc') in 0.007219 seconds
Number of updated asset objects reloaded before import = 0
Number of asset objects unloaded after import = 9
========================================================================
Received Import Request.
  Time since last request: 0.000281 seconds.
  path: Assets/Materials/atlass_1_1.mat
  artifactKey: Guid(85e89f3b829c70a4a85a798f89bd18ed) Importer(815301076,1909f56bfc062723c751e8b465ee728b)
Start importing Assets/Materials/atlass_1_1.mat using Guid(85e89f3b829c70a4a85a798f89bd18ed) Importer(815301076,1909f56bfc062723c751e8b465ee728b)  -> (artifact id: '7e84a2522eee1cdb17733078fb00f047') in 0.006964 seconds
Number of updated asset objects reloaded before import = 0
Number of asset objects unloaded after import = 2
========================================================================
Received Import Request.
  Time since last request: 0.000133 seconds.
  path: Assets/Prefabs/Cliffs/Cliff2/cliff_2.prefab
  artifactKey: Guid(726459f9041ad074592da564916bac1d) Importer(815301076,1909f56bfc062723c751e8b465ee728b)
Start importing Assets/Prefabs/Cliffs/Cliff2/cliff_2.prefab using Guid(726459f9041ad074592da564916bac1d) Importer(815301076,1909f56bfc062723c751e8b465ee728b)  -> (artifact id: '4a7d79ea7047cc85c0346bf8c00c43af') in 0.007425 seconds
Number of updated asset objects reloaded before import = 0
Number of asset objects unloaded after import = 9
========================================================================
Received Import Request.
  Time since last request: 0.000108 seconds.
  path: Assets/Prefabs/Bushes/Bush1/bush_1.prefab
  artifactKey: Guid(0922ee3a38e19aa4ea103aefd1704e0d) Importer(815301076,1909f56bfc062723c751e8b465ee728b)
Start importing Assets/Prefabs/Bushes/Bush1/bush_1.prefab using Guid(0922ee3a38e19aa4ea103aefd1704e0d) Importer(815301076,1909f56bfc062723c751e8b465ee728b)  -> (artifact id: 'ccd0cab61cc89cff555451ec7b7a2df0') in 0.006692 seconds
Number of updated asset objects reloaded before import = 0
Number of asset objects unloaded after import = 9
========================================================================
Received Import Request.
  Time since last request: 0.000186 seconds.
  path: Assets/Prefabs/BushSegment/BushSegment3/bush_segment_3.prefab
  artifactKey: Guid(8b11cf57cef3d7c4eab59a152d6c88ed) Importer(815301076,1909f56bfc062723c751e8b465ee728b)
Start importing Assets/Prefabs/BushSegment/BushSegment3/bush_segment_3.prefab using Guid(8b11cf57cef3d7c4eab59a152d6c88ed) Importer(815301076,1909f56bfc062723c751e8b465ee728b)  -> (artifact id: '4457820095440477ace0f300f871be59') in 0.006926 seconds
Number of updated asset objects reloaded before import = 0
Number of asset objects unloaded after import = 9
========================================================================
Received Import Request.
  Time since last request: 0.000054 seconds.
  path: Assets/Prefabs/Cliffs/Cliff5/cliff_5.prefab
  artifactKey: Guid(a4a01195b684f3b4a82cbeda096d436f) Importer(815301076,1909f56bfc062723c751e8b465ee728b)
Start importing Assets/Prefabs/Cliffs/Cliff5/cliff_5.prefab using Guid(a4a01195b684f3b4a82cbeda096d436f) Importer(815301076,1909f56bfc062723c751e8b465ee728b)  -> (artifact id: '0588891a7e9de90392f10034b596b9b0') in 0.007230 seconds
Number of updated asset objects reloaded before import = 0
Number of asset objects unloaded after import = 9
========================================================================
Received Import Request.
  Time since last request: 0.000083 seconds.
  path: Assets/Prefabs/Bushes/Bush3/bush_3.prefab
  artifactKey: Guid(f452cdb75db6e154a92b59d53ccebfd4) Importer(815301076,1909f56bfc062723c751e8b465ee728b)
Start importing Assets/Prefabs/Bushes/Bush3/bush_3.prefab using Guid(f452cdb75db6e154a92b59d53ccebfd4) Importer(815301076,1909f56bfc062723c751e8b465ee728b)  -> (artifact id: '841a11a23384c85a3b62e9e78ceb9a8c') in 0.007075 seconds
Number of updated asset objects reloaded before import = 0
Number of asset objects unloaded after import = 9
========================================================================
Received Import Request.
  Time since last request: 0.000093 seconds.
  path: Assets/Prefabs/Bushes/Bush10/bush_10.prefab
  artifactKey: Guid(984ece9414221494797cd4c6333e6c4b) Importer(815301076,1909f56bfc062723c751e8b465ee728b)
Start importing Assets/Prefabs/Bushes/Bush10/bush_10.prefab using Guid(984ece9414221494797cd4c6333e6c4b) Importer(815301076,1909f56bfc062723c751e8b465ee728b)  -> (artifact id: 'a11ef2bf9518500d0020d88895b5a6c4') in 0.006953 seconds
Number of updated asset objects reloaded before import = 0
Number of asset objects unloaded after import = 9
========================================================================
Received Import Request.
  Time since last request: 0.000085 seconds.
  path: Packages/com.unity.ext.nunit/package.json
  artifactKey: Guid(8143d3a8390f2c64685e3bc272bd9e90) Importer(815301076,1909f56bfc062723c751e8b465ee728b)
Start importing Packages/com.unity.ext.nunit/package.json using Guid(8143d3a8390f2c64685e3bc272bd9e90) Importer(815301076,1909f56bfc062723c751e8b465ee728b)  -> (artifact id: '02e6ff00f4d339ca929f0df7e6e68e04') in 0.000752 seconds
Number of updated asset objects reloaded before import = 0
Number of asset objects unloaded after import = 1
========================================================================
Received Import Request.
  Time since last request: 0.000163 seconds.
  path: Packages/com.unity.ai.navigation/package.json
  artifactKey: Guid(fbee67e09f48e4652bfa085460c895c7) Importer(815301076,1909f56bfc062723c751e8b465ee728b)
Start importing Packages/com.unity.ai.navigation/package.json using Guid(fbee67e09f48e4652bfa085460c895c7) Importer(815301076,1909f56bfc062723c751e8b465ee728b)  -> (artifact id: '3f53626063b254664a264cc99e533f8f') in 0.000657 seconds
Number of updated asset objects reloaded before import = 0
Number of asset objects unloaded after import = 1
========================================================================
Received Import Request.
  Time since last request: 0.000132 seconds.
  path: Assets/Prefabs/Bushes/Bush4/bush_4.prefab
  artifactKey: Guid(b00b4b56eca3251449675f6158e600cf) Importer(815301076,1909f56bfc062723c751e8b465ee728b)
Start importing Assets/Prefabs/Bushes/Bush4/bush_4.prefab using Guid(b00b4b56eca3251449675f6158e600cf) Importer(815301076,1909f56bfc062723c751e8b465ee728b)  -> (artifact id: 'bd0eb668b0af3e33b1fa98cbc1919971') in 0.006959 seconds
Number of updated asset objects reloaded before import = 0
Number of asset objects unloaded after import = 9
========================================================================
Received Import Request.
  Time since last request: 0.000057 seconds.
  path: Assets/Prefabs/BushSegment/Bush_Segment2/bush_segment_2.prefab
  artifactKey: Guid(41fc0c124ab3e524197d7d65009a3abe) Importer(815301076,1909f56bfc062723c751e8b465ee728b)
Start importing Assets/Prefabs/BushSegment/Bush_Segment2/bush_segment_2.prefab using Guid(41fc0c124ab3e524197d7d65009a3abe) Importer(815301076,1909f56bfc062723c751e8b465ee728b)  -> (artifact id: '55eba3dd256a807df25b17d1ad303e75') in 0.006801 seconds
Number of updated asset objects reloaded before import = 0
Number of asset objects unloaded after import = 9
========================================================================
Received Import Request.
  Time since last request: 0.000061 seconds.
  path: Assets/Prefabs/Cliffs/Cliff6/cliff_6.prefab
  artifactKey: Guid(3d1ec15ce64b8a84495024f8bfe71f94) Importer(815301076,1909f56bfc062723c751e8b465ee728b)
Start importing Assets/Prefabs/Cliffs/Cliff6/cliff_6.prefab using Guid(3d1ec15ce64b8a84495024f8bfe71f94) Importer(815301076,1909f56bfc062723c751e8b465ee728b)  -> (artifact id: '3f5c0a8129a299d4cc7a5f991a63faad') in 0.008062 seconds
Number of updated asset objects reloaded before import = 0
Number of asset objects unloaded after import = 9
========================================================================
Received Import Request.
  Time since last request: 0.000191 seconds.
  path: Assets/Prefabs/Cliffs/Cliff4/cliff_4.prefab
  artifactKey: Guid(368393f9b1a9c7840ac8af597f29afdc) Importer(815301076,1909f56bfc062723c751e8b465ee728b)
Start importing Assets/Prefabs/Cliffs/Cliff4/cliff_4.prefab using Guid(368393f9b1a9c7840ac8af597f29afdc) Importer(815301076,1909f56bfc062723c751e8b465ee728b)  -> (artifact id: 'caab14bd28e3d2a516ce0680d068949a') in 0.007004 seconds
Number of updated asset objects reloaded before import = 0
Number of asset objects unloaded after import = 9
========================================================================
Received Import Request.
  Time since last request: 0.000061 seconds.
  path: Assets/Prefabs/Flowers/Flower1/flower_1.prefab
  artifactKey: Guid(efa2ddb5f1f38fe469832281f386db7a) Importer(815301076,1909f56bfc062723c751e8b465ee728b)
Start importing Assets/Prefabs/Flowers/Flower1/flower_1.prefab using Guid(efa2ddb5f1f38fe469832281f386db7a) Importer(815301076,1909f56bfc062723c751e8b465ee728b)  -> (artifact id: '0feaf1d6b451b4267ee88fadb630d834') in 0.007004 seconds
Number of updated asset objects reloaded before import = 0
Number of asset objects unloaded after import = 9
========================================================================
Received Import Request.
  Time since last request: 0.000283 seconds.
  path: Assets/Prefabs/Bushes/Bush9/bush_9.prefab
  artifactKey: Guid(b5c18ee5848d90141bd7c3317eb042d9) Importer(815301076,1909f56bfc062723c751e8b465ee728b)
Start importing Assets/Prefabs/Bushes/Bush9/bush_9.prefab using Guid(b5c18ee5848d90141bd7c3317eb042d9) Importer(815301076,1909f56bfc062723c751e8b465ee728b)  -> (artifact id: 'ab11c78dc6ed46aeb80cd586f8f5e923') in 0.007063 seconds
Number of updated asset objects reloaded before import = 0
Number of asset objects unloaded after import = 9
========================================================================
Received Import Request.
  Time since last request: 0.000062 seconds.
  path: Assets/Prefabs/Clouds/Cloud2/cloud_2.prefab
  artifactKey: Guid(375e6bb970544234396eb05937781851) Importer(815301076,1909f56bfc062723c751e8b465ee728b)
Start importing Assets/Prefabs/Clouds/Cloud2/cloud_2.prefab using Guid(375e6bb970544234396eb05937781851) Importer(815301076,1909f56bfc062723c751e8b465ee728b)  -> (artifact id: '101232f150aa74e569752abeadc833a5') in 0.007292 seconds
Number of updated asset objects reloaded before import = 0
Number of asset objects unloaded after import = 9
========================================================================
Received Import Request.
  Time since last request: 0.000231 seconds.
  path: Assets/Prefabs/Bushes/Bush2/bush_2.prefab
  artifactKey: Guid(58d18c950edc184449d1b850f5563780) Importer(815301076,1909f56bfc062723c751e8b465ee728b)
Start importing Assets/Prefabs/Bushes/Bush2/bush_2.prefab using Guid(58d18c950edc184449d1b850f5563780) Importer(815301076,1909f56bfc062723c751e8b465ee728b)  -> (artifact id: '4d0f840108ccec46b752faf6c7daa9df') in 0.008059 seconds
Number of updated asset objects reloaded before import = 0
Number of asset objects unloaded after import = 9
========================================================================
Received Import Request.
  Time since last request: 0.000178 seconds.
  path: Assets/Prefabs/Bushes/Bush7/bush_7.prefab
  artifactKey: Guid(3a6be94e17c68634b8cfffbb1b0cd7ce) Importer(815301076,1909f56bfc062723c751e8b465ee728b)
Start importing Assets/Prefabs/Bushes/Bush7/bush_7.prefab using Guid(3a6be94e17c68634b8cfffbb1b0cd7ce) Importer(815301076,1909f56bfc062723c751e8b465ee728b)  -> (artifact id: 'e21fa769bfcbbfc7be1252f480e328e7') in 0.008410 seconds
Number of updated asset objects reloaded before import = 0
Number of asset objects unloaded after import = 9
========================================================================
Received Import Request.
  Time since last request: 0.000320 seconds.
  path: Assets/Prefabs/Debris/Debris2/debris_2.prefab
  artifactKey: Guid(dd0f61a885c7eb349bebcfa27ef3d146) Importer(815301076,1909f56bfc062723c751e8b465ee728b)
Start importing Assets/Prefabs/Debris/Debris2/debris_2.prefab using Guid(dd0f61a885c7eb349bebcfa27ef3d146) Importer(815301076,1909f56bfc062723c751e8b465ee728b)  -> (artifact id: 'd92103f944e2f5ad6e9c4c25f540fb0e') in 0.008586 seconds
Number of updated asset objects reloaded before import = 0
Number of asset objects unloaded after import = 9
========================================================================
Received Import Request.
  Time since last request: 0.000296 seconds.
  path: Assets/Prefabs/Flowers/Flower3/flower_3.prefab
  artifactKey: Guid(7b08fe66855e56c4991a3055447b7355) Importer(815301076,1909f56bfc062723c751e8b465ee728b)
Start importing Assets/Prefabs/Flowers/Flower3/flower_3.prefab using Guid(7b08fe66855e56c4991a3055447b7355) Importer(815301076,1909f56bfc062723c751e8b465ee728b)  -> (artifact id: 'c18affdf9e00c2e8e00d6addd8d3c152') in 0.008311 seconds
Number of updated asset objects reloaded before import = 0
Number of asset objects unloaded after import = 9
========================================================================
Received Import Request.
  Time since last request: 0.000626 seconds.
  path: Assets/Prefabs/BushSegment/BushSegment1/bush_segment_1.prefab
  artifactKey: Guid(d5d0e45cc5b809c43be9d981d0746d7b) Importer(815301076,1909f56bfc062723c751e8b465ee728b)
Start importing Assets/Prefabs/BushSegment/BushSegment1/bush_segment_1.prefab using Guid(d5d0e45cc5b809c43be9d981d0746d7b) Importer(815301076,1909f56bfc062723c751e8b465ee728b)  -> (artifact id: '1504570f01d4725c87939fdc626b5f12') in 0.008467 seconds
Number of updated asset objects reloaded before import = 0
Number of asset objects unloaded after import = 9
========================================================================
Received Import Request.
  Time since last request: 4.905113 seconds.
  path: Assets/Prefabs/Rocks
  artifactKey: Guid(8272673c15520644fb0fb45f427ab346) Importer(815301076,1909f56bfc062723c751e8b465ee728b)
Start importing Assets/Prefabs/Rocks using Guid(8272673c15520644fb0fb45f427ab346) Importer(815301076,1909f56bfc062723c751e8b465ee728b)  -> (artifact id: 'd8c7bfb6851b6e5e46a007f01b5d605b') in 0.000423 seconds
Number of updated asset objects reloaded before import = 0
Number of asset objects unloaded after import = 0
========================================================================
Received Import Request.
  Time since last request: 2.912431 seconds.
  path: Assets/Prefabs/Rocks/Rock1
  artifactKey: Guid(44f7758b5b03ec748b476eac52b3262b) Importer(815301076,1909f56bfc062723c751e8b465ee728b)
Start importing Assets/Prefabs/Rocks/Rock1 using Guid(44f7758b5b03ec748b476eac52b3262b) Importer(815301076,1909f56bfc062723c751e8b465ee728b)  -> (artifact id: '528d6ea18ebf714ed8a1e6205c18f262') in 0.000459 seconds
Number of updated asset objects reloaded before import = 0
Number of asset objects unloaded after import = 0
========================================================================
Received Import Request.
  Time since last request: 16.354561 seconds.
  path: Assets/Prefabs/Rocks/Rock1/rock_1.fbx
  artifactKey: Guid(3db6b60ec2edaed4d87a20221f431ee4) Importer(815301076,1909f56bfc062723c751e8b465ee728b)
Start importing Assets/Prefabs/Rocks/Rock1/rock_1.fbx using Guid(3db6b60ec2edaed4d87a20221f431ee4) Importer(815301076,1909f56bfc062723c751e8b465ee728b)  -> (artifact id: '79df2f8525140c6e3d971a6dc890947d') in 0.455065 seconds
Number of updated asset objects reloaded before import = 0
Number of asset objects unloaded after import = 7
========================================================================
Received Import Request.
  Time since last request: 30.659805 seconds.
  path: Assets/Prefabs/Rocks/Rock1/rock_1.prefab
  artifactKey: Guid(da41ebe8e268ce3478edca856a24d3c1) Importer(815301076,1909f56bfc062723c751e8b465ee728b)
Start importing Assets/Prefabs/Rocks/Rock1/rock_1.prefab using Guid(da41ebe8e268ce3478edca856a24d3c1) Importer(815301076,1909f56bfc062723c751e8b465ee728b)  -> (artifact id: '74287ac4b4d09b6885e01a8c21480eaf') in 0.015412 seconds
Number of updated asset objects reloaded before import = 0
Number of asset objects unloaded after import = 9
========================================================================
Received Import Request.
  Time since last request: 0.961314 seconds.
  path: Assets/Prefabs/Rocks/Rock1/rock_1.prefab
  artifactKey: Guid(da41ebe8e268ce3478edca856a24d3c1) Importer(815301076,1909f56bfc062723c751e8b465ee728b)
Start importing Assets/Prefabs/Rocks/Rock1/rock_1.prefab using Guid(da41ebe8e268ce3478edca856a24d3c1) Importer(815301076,1909f56bfc062723c751e8b465ee728b)  -> (artifact id: '63ef40fbca2e33f97ec7daf2b8ad5b98') in 0.006062 seconds
Number of updated asset objects reloaded before import = 0
Number of asset objects unloaded after import = 9
========================================================================
Received Import Request.
  Time since last request: 75.154083 seconds.
  path: Assets/Prefabs/Rocks/Rock1/rock_1.prefab
  artifactKey: Guid(da41ebe8e268ce3478edca856a24d3c1) Importer(815301076,1909f56bfc062723c751e8b465ee728b)
Start importing Assets/Prefabs/Rocks/Rock1/rock_1.prefab using Guid(da41ebe8e268ce3478edca856a24d3c1) Importer(815301076,1909f56bfc062723c751e8b465ee728b)  -> (artifact id: 'a5cbe52a1387c92b0d3257946bb45a10') in 0.024942 seconds
Number of updated asset objects reloaded before import = 0
Number of asset objects unloaded after import = 9
========================================================================
Received Import Request.
  Time since last request: 5.427184 seconds.
  path: Assets/Prefabs/Rocks/Rock1/rock_1.prefab
  artifactKey: Guid(da41ebe8e268ce3478edca856a24d3c1) Importer(815301076,1909f56bfc062723c751e8b465ee728b)
Start importing Assets/Prefabs/Rocks/Rock1/rock_1.prefab using Guid(da41ebe8e268ce3478edca856a24d3c1) Importer(815301076,1909f56bfc062723c751e8b465ee728b)  -> (artifact id: 'd6aaca96ba6ea67d209d56e9364fdd8f') in 0.006984 seconds
Number of updated asset objects reloaded before import = 0
Number of asset objects unloaded after import = 9
========================================================================
Received Import Request.
  Time since last request: 6.661079 seconds.
  path: Assets/Prefabs/Rocks/Rock1/rock_1.prefab
  artifactKey: Guid(da41ebe8e268ce3478edca856a24d3c1) Importer(815301076,1909f56bfc062723c751e8b465ee728b)
Start importing Assets/Prefabs/Rocks/Rock1/rock_1.prefab using Guid(da41ebe8e268ce3478edca856a24d3c1) Importer(815301076,1909f56bfc062723c751e8b465ee728b)  -> (artifact id: '22b9154b976949e0afbe37f638d36fa7') in 0.007123 seconds
Number of updated asset objects reloaded before import = 0
Number of asset objects unloaded after import = 9
========================================================================
Received Import Request.
  Time since last request: 1.824540 seconds.
  path: Assets/Prefabs/Rocks/Rock1/rock_1.prefab
  artifactKey: Guid(da41ebe8e268ce3478edca856a24d3c1) Importer(815301076,1909f56bfc062723c751e8b465ee728b)
Start importing Assets/Prefabs/Rocks/Rock1/rock_1.prefab using Guid(da41ebe8e268ce3478edca856a24d3c1) Importer(815301076,1909f56bfc062723c751e8b465ee728b)  -> (artifact id: '4cc4a60af0d98de55baa1e02eb99fe02') in 0.007467 seconds
Number of updated asset objects reloaded before import = 0
Number of asset objects unloaded after import = 9
========================================================================
Received Import Request.
  Time since last request: 15.554424 seconds.
  path: Assets/Prefabs/Rocks/Rock1/rock_1.prefab
  artifactKey: Guid(da41ebe8e268ce3478edca856a24d3c1) Importer(815301076,1909f56bfc062723c751e8b465ee728b)
Start importing Assets/Prefabs/Rocks/Rock1/rock_1.prefab using Guid(da41ebe8e268ce3478edca856a24d3c1) Importer(815301076,1909f56bfc062723c751e8b465ee728b)  -> (artifact id: '647a3c46d58a5017e62c99639c938c58') in 0.005774 seconds
Number of updated asset objects reloaded before import = 0
Number of asset objects unloaded after import = 9
========================================================================
Received Import Request.
  Time since last request: 131.048839 seconds.
  path: Assets/Prefabs/Flowers/Flower1
  artifactKey: Guid(feea99e6a20684046ab43e159b7f1d36) Importer(815301076,1909f56bfc062723c751e8b465ee728b)
Start importing Assets/Prefabs/Flowers/Flower1 using Guid(feea99e6a20684046ab43e159b7f1d36) Importer(815301076,1909f56bfc062723c751e8b465ee728b)  -> (artifact id: '9dedc8a4ea83e7b3a2ffe4375adab975') in 0.002303 seconds
Number of updated asset objects reloaded before import = 0
Number of asset objects unloaded after import = 0
========================================================================
Received Import Request.
  Time since last request: 11.172936 seconds.
  path: Assets/Prefabs/Flowers/Flower2
  artifactKey: Guid(5d5e055cf2a3be941a3476a1e20c5e41) Importer(815301076,1909f56bfc062723c751e8b465ee728b)
Start importing Assets/Prefabs/Flowers/Flower2 using Guid(5d5e055cf2a3be941a3476a1e20c5e41) Importer(815301076,1909f56bfc062723c751e8b465ee728b)  -> (artifact id: '3e2cda466c5fc188d8994c11d6399efe') in 0.000503 seconds
Number of updated asset objects reloaded before import = 0
Number of asset objects unloaded after import = 0
========================================================================
Received Import Request.
  Time since last request: 11.809645 seconds.
  path: Assets/Prefabs/Flowers/Flower2/flower_2.fbx
  artifactKey: Guid(dfa2172cca65f4947af0087afe9b5325) Importer(815301076,1909f56bfc062723c751e8b465ee728b)
Start importing Assets/Prefabs/Flowers/Flower2/flower_2.fbx using Guid(dfa2172cca65f4947af0087afe9b5325) Importer(815301076,1909f56bfc062723c751e8b465ee728b)  -> (artifact id: 'a5c96243034525e35f189a4ab71119d6') in 0.024738 seconds
Number of updated asset objects reloaded before import = 0
Number of asset objects unloaded after import = 7
========================================================================
Received Import Request.
  Time since last request: 176.983548 seconds.
  path: Assets/Prefabs/Flowers/Flower4/flower_4.fbx
  artifactKey: Guid(ab61831ab3976974ea0f0185449dfefa) Importer(815301076,1909f56bfc062723c751e8b465ee728b)
Start importing Assets/Prefabs/Flowers/Flower4/flower_4.fbx using Guid(ab61831ab3976974ea0f0185449dfefa) Importer(815301076,1909f56bfc062723c751e8b465ee728b)  -> (artifact id: 'b299e2e732397a39aaca55d5625ecc4a') in 0.023311 seconds
Number of updated asset objects reloaded before import = 0
Number of asset objects unloaded after import = 7
========================================================================
Received Import Request.
  Time since last request: 4.074475 seconds.
  path: Assets/Prefabs/Clouds/Cloud1
  artifactKey: Guid(562a0863c31794447a247b0f9ec1e165) Importer(815301076,1909f56bfc062723c751e8b465ee728b)
Start importing Assets/Prefabs/Clouds/Cloud1 using Guid(562a0863c31794447a247b0f9ec1e165) Importer(815301076,1909f56bfc062723c751e8b465ee728b)  -> (artifact id: '6edd56e95fe408996deb4feed390b12d') in 0.000431 seconds
Number of updated asset objects reloaded before import = 0
Number of asset objects unloaded after import = 0
========================================================================
Received Import Request.
  Time since last request: 0.359278 seconds.
  path: Assets/Prefabs/Clouds/Cloud1/cloud_1.fbx
  artifactKey: Guid(5cde7e041e3442f48920017d63ab306e) Importer(815301076,1909f56bfc062723c751e8b465ee728b)
Start importing Assets/Prefabs/Clouds/Cloud1/cloud_1.fbx using Guid(5cde7e041e3442f48920017d63ab306e) Importer(815301076,1909f56bfc062723c751e8b465ee728b)  -> (artifact id: 'd8464621daf3107d74bcd89f76f0bd64') in 0.014150 seconds
Number of updated asset objects reloaded before import = 0
Number of asset objects unloaded after import = 7
========================================================================
Received Import Request.
  Time since last request: 54.664765 seconds.
  path: Assets/Prefabs/Clouds/Cloud2/cloud_2.fbx
  artifactKey: Guid(eab4f5cf4ff0a2a419147171a716df2a) Importer(815301076,1909f56bfc062723c751e8b465ee728b)
Start importing Assets/Prefabs/Clouds/Cloud2/cloud_2.fbx using Guid(eab4f5cf4ff0a2a419147171a716df2a) Importer(815301076,1909f56bfc062723c751e8b465ee728b)  -> (artifact id: 'a7d5fe9bd1acb830accbfc4a3f077938') in 0.015460 seconds
Number of updated asset objects reloaded before import = 0
Number of asset objects unloaded after import = 7
========================================================================
Received Import Request.
  Time since last request: 6.258100 seconds.
  path: Assets/Prefabs/Logs/Log1
  artifactKey: Guid(e7d1bc94b8403c444916f75e2be72bd4) Importer(815301076,1909f56bfc062723c751e8b465ee728b)
Start importing Assets/Prefabs/Logs/Log1 using Guid(e7d1bc94b8403c444916f75e2be72bd4) Importer(815301076,1909f56bfc062723c751e8b465ee728b)  -> (artifact id: '0a4ad9c065d5a4b9a64629367d4e3a18') in 0.000411 seconds
Number of updated asset objects reloaded before import = 0
Number of asset objects unloaded after import = 0
========================================================================
Received Import Request.
  Time since last request: 11.732409 seconds.
  path: Assets/Prefabs/Trees/Tree2
  artifactKey: Guid(0bc2ebee8655b914c8cac6d7eceaf43c) Importer(815301076,1909f56bfc062723c751e8b465ee728b)
Start importing Assets/Prefabs/Trees/Tree2 using Guid(0bc2ebee8655b914c8cac6d7eceaf43c) Importer(815301076,1909f56bfc062723c751e8b465ee728b)  -> (artifact id: '48111cf427dfea80a60d57ac2c014778') in 0.000431 seconds
Number of updated asset objects reloaded before import = 0
Number of asset objects unloaded after import = 0
========================================================================
Received Import Request.
  Time since last request: 0.559294 seconds.
  path: Assets/Prefabs/Trees/Tree2/tree_2.fbx
  artifactKey: Guid(c7e4deed4bf29e446a556146f3e6d499) Importer(815301076,1909f56bfc062723c751e8b465ee728b)
Start importing Assets/Prefabs/Trees/Tree2/tree_2.fbx using Guid(c7e4deed4bf29e446a556146f3e6d499) Importer(815301076,1909f56bfc062723c751e8b465ee728b)  -> (artifact id: '28707127202b9aa15f590ec9bbfc24dc') in 0.021012 seconds
Number of updated asset objects reloaded before import = 0
Number of asset objects unloaded after import = 7
========================================================================
Received Import Request.
  Time since last request: 344.153295 seconds.
  path: Assets/Textures/atlass_1_diffuse.png
  artifactKey: Guid(bb8118f34410a604dbf31c021fae3009) Importer(815301076,1909f56bfc062723c751e8b465ee728b)
Start importing Assets/Textures/atlass_1_diffuse.png using Guid(bb8118f34410a604dbf31c021fae3009) Importer(815301076,1909f56bfc062723c751e8b465ee728b)  -> (artifact id: '480b7ad3a24c382d589b66ba18bb7466') in 0.078961 seconds
Number of updated asset objects reloaded before import = 0
Number of asset objects unloaded after import = 2
========================================================================
Received Import Request.
  Time since last request: 782.261012 seconds.
  path: Assets/Prefabs/Trees/Tree18/tree_18.fbx
  artifactKey: Guid(b9ae251e1dca88943977de87fd5323f6) Importer(815301076,1909f56bfc062723c751e8b465ee728b)
Start importing Assets/Prefabs/Trees/Tree18/tree_18.fbx using Guid(b9ae251e1dca88943977de87fd5323f6) Importer(815301076,1909f56bfc062723c751e8b465ee728b)  -> (artifact id: '5c608f2222d41f2339490aad9324f9dd') in 0.051036 seconds
Number of updated asset objects reloaded before import = 0
Number of asset objects unloaded after import = 7
========================================================================
Received Import Request.
  Time since last request: 0.628029 seconds.
  path: Assets/Prefabs/Trees/Tree17/tree_17.fbx
  artifactKey: Guid(bb06ca74e1ca1874393556c7f4258673) Importer(815301076,1909f56bfc062723c751e8b465ee728b)
Start importing Assets/Prefabs/Trees/Tree17/tree_17.fbx using Guid(bb06ca74e1ca1874393556c7f4258673) Importer(815301076,1909f56bfc062723c751e8b465ee728b)  -> (artifact id: '8be80edea1eca6f6d93181c0e9c2e6cd') in 0.013242 seconds
Number of updated asset objects reloaded before import = 0
Number of asset objects unloaded after import = 7
